{"numTotalTestSuites":88,"numPassedTestSuites":79,"numFailedTestSuites":9,"numPendingTestSuites":0,"numTotalTests":120,"numPassedTests":116,"numFailedTests":4,"numPendingTests":0,"numTodoTests":0,"snapshot":{"added":0,"failure":false,"filesAdded":0,"filesRemoved":0,"filesRemovedList":[],"filesUnmatched":0,"filesUpdated":0,"matched":0,"total":0,"unchecked":0,"uncheckedKeysByFile":[],"unmatched":0,"updated":0,"didUpdate":false},"startTime":1763450396016,"success":false,"testResults":[{"assertionResults":[{"ancestorTitles":["Agent Fallback Handler","Driver Negotiation Agent"],"fullName":"Agent Fallback Handler Driver Negotiation Agent should use ranking service fallback","status":"passed","title":"should use ranking service fallback","duration":2.973269000000073,"failureMessages":[],"meta":{}},{"ancestorTitles":["Agent Fallback Handler","Driver Negotiation Agent"],"fullName":"Agent Fallback Handler Driver Negotiation Agent should fallback to Supabase when ranking fails","status":"passed","title":"should fallback to Supabase when ranking fails","duration":0.6498390000001564,"failureMessages":[],"meta":{}},{"ancestorTitles":["Agent Fallback Handler","All Agents Error Messages"],"fullName":"Agent Fallback Handler All Agents Error Messages should provide friendly message for driver-negotiation","status":"passed","title":"should provide friendly message for driver-negotiation","duration":0.5337279999998827,"failureMessages":[],"meta":{}},{"ancestorTitles":["Agent Fallback Handler","All Agents Error Messages"],"fullName":"Agent Fallback Handler All Agents Error Messages should provide friendly message for pharmacy","status":"passed","title":"should provide friendly message for pharmacy","duration":0.3688649999999143,"failureMessages":[],"meta":{}},{"ancestorTitles":["Agent Fallback Handler","All Agents Error Messages"],"fullName":"Agent Fallback Handler All Agents Error Messages should provide friendly message for shops-services","status":"passed","title":"should provide friendly message for shops-services","duration":0.3288310000002639,"failureMessages":[],"meta":{}},{"ancestorTitles":["Agent Fallback Handler","All Agents Error Messages"],"fullName":"Agent Fallback Handler All Agents Error Messages should provide friendly message for hardware","status":"passed","title":"should provide friendly message for hardware","duration":0.2572380000001431,"failureMessages":[],"meta":{}},{"ancestorTitles":["Agent Fallback Handler","All Agents Error Messages"],"fullName":"Agent Fallback Handler All Agents Error Messages should provide friendly message for property-rental","status":"passed","title":"should provide friendly message for property-rental","duration":0.20743399999992107,"failureMessages":[],"meta":{}},{"ancestorTitles":["Agent Fallback Handler","All Agents Error Messages"],"fullName":"Agent Fallback Handler All Agents Error Messages should provide friendly message for schedule-trip","status":"passed","title":"should provide friendly message for schedule-trip","duration":0.18034499999976106,"failureMessages":[],"meta":{}},{"ancestorTitles":["Agent Fallback Handler","All Agents Error Messages"],"fullName":"Agent Fallback Handler All Agents Error Messages should provide friendly message for marketplace","status":"passed","title":"should provide friendly message for marketplace","duration":0.39649999999983265,"failureMessages":[],"meta":{}}],"startTime":1763450415855,"endTime":1763450415861.3965,"status":"passed","message":"","name":"/Users/jeanbosco/workspace/easymo-/admin-app/__tests__/agent-fallback.test.ts"},{"assertionResults":[{"ancestorTitles":["client bundles"],"fullName":"client bundles omits service-role secrets from src/v2/lib/supabase/hooks.ts","status":"passed","title":"omits service-role secrets from src/v2/lib/supabase/hooks.ts","duration":336.851048,"failureMessages":[],"meta":{}},{"ancestorTitles":["client bundles"],"fullName":"client bundles omits service-role secrets from app/v2/agents/page.tsx","status":"passed","title":"omits service-role secrets from app/v2/agents/page.tsx","duration":671.0868329999998,"failureMessages":[],"meta":{}},{"ancestorTitles":["client bundles"],"fullName":"client bundles omits service-role secrets from app/v2/drivers/page.tsx","status":"passed","title":"omits service-role secrets from app/v2/drivers/page.tsx","duration":634.5143889999999,"failureMessages":[],"meta":{}},{"ancestorTitles":["client bundles"],"fullName":"client bundles omits service-role secrets from app/v2/stations/page.tsx","status":"passed","title":"omits service-role secrets from app/v2/stations/page.tsx","duration":668.9322349999998,"failureMessages":[],"meta":{}},{"ancestorTitles":["client bundles"],"fullName":"client bundles omits service-role secrets from app/v2/dashboard/page.tsx","status":"passed","title":"omits service-role secrets from app/v2/dashboard/page.tsx","duration":399.7012910000003,"failureMessages":[],"meta":{}}],"startTime":1763450401229,"endTime":1763450403939.7012,"status":"passed","message":"","name":"/Users/jeanbosco/workspace/easymo-/admin-app/__tests__/client-bundle.test.ts"},{"assertionResults":[],"startTime":1763450396016,"endTime":1763450396016,"status":"failed","message":"Failed to resolve import \"../lib/server/session\" from \"__tests__/middleware.test.ts\". Does the file exist?","name":"/Users/jeanbosco/workspace/easymo-/admin-app/__tests__/middleware.test.ts"},{"assertionResults":[{"ancestorTitles":["createAdminClient"],"fullName":"createAdminClient throws when invoked on the client","status":"passed","title":"throws when invoked on the client","duration":19.98480900000004,"failureMessages":[],"meta":{}},{"ancestorTitles":["createAdminClient"],"fullName":"createAdminClient creates a server client with request context","status":"passed","title":"creates a server client with request context","duration":7.740266000000247,"failureMessages":[],"meta":{}},{"ancestorTitles":["createAdminClient"],"fullName":"createAdminClient falls back to safe cookie adapter when request context is unavailable","status":"passed","title":"falls back to safe cookie adapter when request context is unavailable","duration":3.6304119999999784,"failureMessages":[],"meta":{}}],"startTime":1763450415310,"endTime":1763450415341.6304,"status":"passed","message":"","name":"/Users/jeanbosco/workspace/easymo-/admin-app/__tests__/supabase-client.test.ts"},{"assertionResults":[{"ancestorTitles":["AdminDiagnosticsContent"],"fullName":"AdminDiagnosticsContent renders health and logs sections","status":"passed","title":"renders health and logs sections","duration":129.40014199999996,"failureMessages":[],"meta":{}},{"ancestorTitles":["AdminDiagnosticsContent"],"fullName":"AdminDiagnosticsContent handles trip lookup","status":"passed","title":"handles trip lookup","duration":463.7243779999999,"failureMessages":[],"meta":{}}],"startTime":1763450401641,"endTime":1763450402234.7244,"status":"passed","message":"","name":"/Users/jeanbosco/workspace/easymo-/admin-app/tests/AdminDiagnosticsContent.test.tsx"},{"assertionResults":[{"ancestorTitles":["MenusClient"],"fullName":"MenusClient renders and updates filters without crashing","status":"passed","title":"renders and updates filters without crashing","duration":246.73868600000014,"failureMessages":[],"meta":{}}],"startTime":1763450406868,"endTime":1763450407114.7388,"status":"passed","message":"","name":"/Users/jeanbosco/workspace/easymo-/admin-app/tests/MenusClient.test.tsx"},{"assertionResults":[{"ancestorTitles":["SettingsForm"],"fullName":"SettingsForm loads settings on mount","status":"passed","title":"loads settings on mount","duration":107.23678400000017,"failureMessages":[],"meta":{}},{"ancestorTitles":["SettingsForm"],"fullName":"SettingsForm falls back to defaults when load fails","status":"passed","title":"falls back to defaults when load fails","duration":71.32431200000019,"failureMessages":[],"meta":{}},{"ancestorTitles":["SettingsForm"],"fullName":"SettingsForm validates quiet hours before saving","status":"passed","title":"validates quiet hours before saving","duration":119.96880999999985,"failureMessages":[],"meta":{}},{"ancestorTitles":["SettingsForm"],"fullName":"SettingsForm saves settings and shows integration","status":"passed","title":"saves settings and shows integration","duration":81.66671700000006,"failureMessages":[],"meta":{}},{"ancestorTitles":["SettingsForm"],"fullName":"SettingsForm shows error feedback when save fails","status":"passed","title":"shows error feedback when save fails","duration":133.12167200000022,"failureMessages":[],"meta":{}}],"startTime":1763450401675,"endTime":1763450402189.1216,"status":"passed","message":"","name":"/Users/jeanbosco/workspace/easymo-/admin-app/tests/SettingsForm.test.tsx"},{"assertionResults":[{"ancestorTitles":["TripDiagnosticsSection"],"fullName":"TripDiagnosticsSection shows validation when trip id is missing","status":"passed","title":"shows validation when trip id is missing","duration":143.60030000000006,"failureMessages":[],"meta":{}},{"ancestorTitles":["TripDiagnosticsSection"],"fullName":"TripDiagnosticsSection renders trip details when lookup succeeds","status":"passed","title":"renders trip details when lookup succeeds","duration":38.68603800000028,"failureMessages":[],"meta":{}},{"ancestorTitles":["TripDiagnosticsSection"],"fullName":"TripDiagnosticsSection surfaces service errors","status":"passed","title":"surfaces service errors","duration":17.77496599999995,"failureMessages":[],"meta":{}}],"startTime":1763450401305,"endTime":1763450401504.775,"status":"passed","message":"","name":"/Users/jeanbosco/workspace/easymo-/admin-app/tests/TripDiagnosticsSection.test.tsx"},{"assertionResults":[{"ancestorTitles":["Agents dashboard realtime monitoring"],"fullName":"Agents dashboard realtime monitoring subscribes to realtime channel with monitoring","status":"passed","title":"subscribes to realtime channel with monitoring","duration":394.1768509999997,"failureMessages":[],"meta":{}}],"startTime":1763450405126,"endTime":1763450405520.1768,"status":"passed","message":"","name":"/Users/jeanbosco/workspace/easymo-/admin-app/tests/agents-dashboard.realtime.test.tsx"},{"assertionResults":[{"ancestorTitles":["AlertPreferences"],"fullName":"AlertPreferences submits updates when toggling preference state","status":"passed","title":"submits updates when toggling preference state","duration":269.55468199999996,"failureMessages":[],"meta":{}},{"ancestorTitles":["AlertPreferences"],"fullName":"AlertPreferences shows validation when enabling with no channels selected","status":"passed","title":"shows validation when enabling with no channels selected","duration":29.98894999999993,"failureMessages":[],"meta":{}}],"startTime":1763450407667,"endTime":1763450407966.989,"status":"passed","message":"","name":"/Users/jeanbosco/workspace/easymo-/admin-app/tests/alert-preferences.test.tsx"},{"assertionResults":[],"startTime":1763450396016,"endTime":1763450396016,"status":"failed","message":"Failed to resolve import \"@/lib/server/session\" from \"tests/auth-flow.test.tsx\". Does the file exist?","name":"/Users/jeanbosco/workspace/easymo-/admin-app/tests/auth-flow.test.tsx"},{"assertionResults":[],"startTime":1763450396016,"endTime":1763450396016,"status":"failed","message":"Failed to resolve import \"@/lib/server/rate-limit\" from \"tests/auth-login-route.test.ts\". Does the file exist?","name":"/Users/jeanbosco/workspace/easymo-/admin-app/tests/auth-login-route.test.ts"},{"assertionResults":[{"ancestorTitles":["dashboard snapshot"],"fullName":"dashboard snapshot returns Supabase snapshot when RPC succeeds","status":"passed","title":"returns Supabase snapshot when RPC succeeds","duration":120.30691500000012,"failureMessages":[],"meta":{}},{"ancestorTitles":["dashboard snapshot"],"fullName":"dashboard snapshot throws when Supabase RPC fails","status":"passed","title":"throws when Supabase RPC fails","duration":17.21885599999996,"failureMessages":[],"meta":{}}],"startTime":1763450410429,"endTime":1763450410567.2188,"status":"passed","message":"","name":"/Users/jeanbosco/workspace/easymo-/admin-app/tests/dashboard.test.ts"},{"assertionResults":[{"ancestorTitles":["instrumentation register"],"fullName":"instrumentation register logs initialization and surfaces node runtime errors","status":"passed","title":"logs initialization and surfaces node runtime errors","duration":31.986460999999963,"failureMessages":[],"meta":{}},{"ancestorTitles":["instrumentation register"],"fullName":"instrumentation register logs initialization in edge runtime when node globals are unavailable","status":"passed","title":"logs initialization in edge runtime when node globals are unavailable","duration":3.084266000000298,"failureMessages":[],"meta":{}}],"startTime":1763450413481,"endTime":1763450413516.0842,"status":"passed","message":"","name":"/Users/jeanbosco/workspace/easymo-/admin-app/tests/instrumentation.test.ts"},{"assertionResults":[{"ancestorTitles":["IntegrationStatusBadge"],"fullName":"IntegrationStatusBadge renders healthy state copy","status":"passed","title":"renders healthy state copy","duration":72.53712399999995,"failureMessages":[],"meta":{}},{"ancestorTitles":["IntegrationStatusBadge"],"fullName":"IntegrationStatusBadge renders degraded details","status":"passed","title":"renders degraded details","duration":13.845968999999968,"failureMessages":[],"meta":{}},{"ancestorTitles":["IntegrationStatusBadge"],"fullName":"IntegrationStatusBadge renders nothing when integration missing","status":"passed","title":"renders nothing when integration missing","duration":3.013963000000331,"failureMessages":[],"meta":{}}],"startTime":1763450410778,"endTime":1763450410867.014,"status":"passed","message":"","name":"/Users/jeanbosco/workspace/easymo-/admin-app/tests/integration-status-badge.test.tsx"},{"assertionResults":[{"ancestorTitles":["match search route"],"fullName":"match search route returns dual-constraint filtered candidates","status":"passed","title":"returns dual-constraint filtered candidates","duration":97.86789999999974,"failureMessages":[],"meta":{}},{"ancestorTitles":["match search route"],"fullName":"match search route keeps single-radius matching when dropoff missing","status":"passed","title":"keeps single-radius matching when dropoff missing","duration":13.972615000000133,"failureMessages":[],"meta":{}}],"startTime":1763450409841,"endTime":1763450409952.9727,"status":"passed","message":"","name":"/Users/jeanbosco/workspace/easymo-/admin-app/tests/match-search-route.test.ts"},{"assertionResults":[{"ancestorTitles":["maskMsisdn"],"fullName":"maskMsisdn masks a Rwandan MSISDN with grouped spacing","status":"passed","title":"masks a Rwandan MSISDN with grouped spacing","duration":8.2069019999999,"failureMessages":[],"meta":{}},{"ancestorTitles":["maskMsisdn"],"fullName":"maskMsisdn returns fallback when value is empty","status":"passed","title":"returns fallback when value is empty","duration":0.5667570000000524,"failureMessages":[],"meta":{}},{"ancestorTitles":["UserDrawer"],"fullName":"UserDrawer renders masked MSISDN in the drawer","status":"passed","title":"renders masked MSISDN in the drawer","duration":228.12213199999997,"failureMessages":[],"meta":{}}],"startTime":1763450407699,"endTime":1763450407937.122,"status":"passed","message":"","name":"/Users/jeanbosco/workspace/easymo-/admin-app/tests/msisdn-mask.test.tsx"},{"assertionResults":[{"ancestorTitles":["enqueueNotification"],"fullName":"enqueueNotification inserts notification and records audit entry","status":"passed","title":"inserts notification and records audit entry","duration":22.331694999999854,"failureMessages":[],"meta":{}},{"ancestorTitles":["enqueueNotification"],"fullName":"enqueueNotification propagates actor id into audit trail","status":"passed","title":"propagates actor id into audit trail","duration":3.4280069999999796,"failureMessages":[],"meta":{}},{"ancestorTitles":["enqueueNotification"],"fullName":"enqueueNotification throws when Supabase client unavailable","status":"passed","title":"throws when Supabase client unavailable","duration":3.5690660000000207,"failureMessages":[],"meta":{}}],"startTime":1763450414567,"endTime":1763450414596.569,"status":"passed","message":"","name":"/Users/jeanbosco/workspace/easymo-/admin-app/tests/notifications-policy.test.ts"},{"assertionResults":[{"ancestorTitles":["notifications API"],"fullName":"notifications API returns 503 when Supabase credentials missing","status":"passed","title":"returns 503 when Supabase credentials missing","duration":167.69061199999987,"failureMessages":[],"meta":{}},{"ancestorTitles":["notifications API"],"fullName":"notifications API returns notifications when Supabase query succeeds","status":"passed","title":"returns notifications when Supabase query succeeds","duration":27.781691000000137,"failureMessages":[],"meta":{}},{"ancestorTitles":["notifications API"],"fullName":"notifications API queues resend when policy allows","status":"passed","title":"queues resend when policy allows","duration":80.15931,"failureMessages":[],"meta":{}},{"ancestorTitles":["notifications API"],"fullName":"notifications API returns policy block when quiet hours active","status":"passed","title":"returns policy block when quiet hours active","duration":18.32338299999992,"failureMessages":[],"meta":{}},{"ancestorTitles":["notifications API"],"fullName":"notifications API returns throttle metadata when policy throttles resend","status":"passed","title":"returns throttle metadata when policy throttles resend","duration":16.414584000000104,"failureMessages":[],"meta":{}},{"ancestorTitles":["notifications API"],"fullName":"notifications API cancels queued notification","status":"passed","title":"cancels queued notification","duration":17.329412000000048,"failureMessages":[],"meta":{}},{"ancestorTitles":["notifications API"],"fullName":"notifications API returns 422 when msisdn missing on resend","status":"passed","title":"returns 422 when msisdn missing on resend","duration":15.11503300000004,"failureMessages":[],"meta":{}},{"ancestorTitles":["notifications API"],"fullName":"notifications API returns 503 when retry Supabase client unavailable","status":"passed","title":"returns 503 when retry Supabase client unavailable","duration":32.72068799999988,"failureMessages":[],"meta":{}},{"ancestorTitles":["notifications API"],"fullName":"notifications API queues retry for failed notification","status":"passed","title":"queues retry for failed notification","duration":37.956538000000364,"failureMessages":[],"meta":{}},{"ancestorTitles":["notifications API"],"fullName":"notifications API blocks retry when policy disallows","status":"passed","title":"blocks retry when policy disallows","duration":16.429165000000012,"failureMessages":[],"meta":{}}],"startTime":1763450404693,"endTime":1763450405123.4292,"status":"passed","message":"","name":"/Users/jeanbosco/workspace/easymo-/admin-app/tests/notifications-route.test.ts"},{"assertionResults":[{"ancestorTitles":["mobility ping drivers route"],"fullName":"mobility ping drivers route queues notifications via Supabase and triggers worker","status":"passed","title":"queues notifications via Supabase and triggers worker","duration":99.23557399999981,"failureMessages":[],"meta":{}},{"ancestorTitles":["mobility ping drivers route"],"fullName":"mobility ping drivers route builds delayed invitations when delivery is deferred","status":"passed","title":"builds delayed invitations when delivery is deferred","duration":11.356597999999849,"failureMessages":[],"meta":{}},{"ancestorTitles":["mobility ping drivers route"],"fullName":"mobility ping drivers route returns 400 when payload is invalid","status":"passed","title":"returns 400 when payload is invalid","duration":6.672203000000081,"failureMessages":[],"meta":{}}],"startTime":1763450408417,"endTime":1763450408534.672,"status":"passed","message":"","name":"/Users/jeanbosco/workspace/easymo-/admin-app/tests/ping-drivers-route.test.ts"},{"assertionResults":[{"ancestorTitles":["qr preview route"],"fullName":"qr preview route returns preview payload and dispatches a test message","status":"passed","title":"returns preview payload and dispatches a test message","duration":111.59551499999998,"failureMessages":[],"meta":{}},{"ancestorTitles":["qr preview route"],"fullName":"qr preview route marks preview as degraded when no QR tables exist","status":"passed","title":"marks preview as degraded when no QR tables exist","duration":16.03685600000017,"failureMessages":[],"meta":{}}],"startTime":1763450409836,"endTime":1763450409964.0369,"status":"passed","message":"","name":"/Users/jeanbosco/workspace/easymo-/admin-app/tests/qr-preview-route.test.ts"},{"assertionResults":[],"startTime":1763450396016,"endTime":1763450396016,"status":"failed","message":"ENOENT: no such file or directory, open '/Users/jeanbosco/workspace/easymo-/supabase/migrations/20251027120000_admin_core_schema.sql'","name":"/Users/jeanbosco/workspace/easymo-/admin-app/tests/schema-guard.test.ts"},{"assertionResults":[{"ancestorTitles":["Settings preview section"],"fullName":"Settings preview section renders loading state","status":"passed","title":"renders loading state","duration":66.62237499999992,"failureMessages":[],"meta":{}},{"ancestorTitles":["Settings preview section"],"fullName":"Settings preview section renders table when data present","status":"passed","title":"renders table when data present","duration":184.50372900000002,"failureMessages":[],"meta":{}},{"ancestorTitles":["Settings preview section"],"fullName":"Settings preview section renders empty state","status":"passed","title":"renders empty state","duration":9.991408999999749,"failureMessages":[],"meta":{}},{"ancestorTitles":["Integrations section"],"fullName":"Integrations section renders integrations status","status":"passed","title":"renders integrations status","duration":31.322983999999906,"failureMessages":[],"meta":{}}],"startTime":1763450404410,"endTime":1763450404703.323,"status":"passed","message":"","name":"/Users/jeanbosco/workspace/easymo-/admin-app/tests/settings-sections.test.tsx"},{"assertionResults":[{"ancestorTitles":["admin app smoke test"],"fullName":"admin app smoke test runs basic assertions without loading the full suite","status":"passed","title":"runs basic assertions without loading the full suite","duration":1.6111060000000634,"failureMessages":[],"meta":{}}],"startTime":1763450416024,"endTime":1763450416025.611,"status":"passed","message":"","name":"/Users/jeanbosco/workspace/easymo-/admin-app/tests/smoke.test.ts"},{"assertionResults":[{"ancestorTitles":["useAgentRegistry"],"fullName":"useAgentRegistry fetches registry data from API","status":"passed","title":"fetches registry data from API","duration":116.11874799999987,"failureMessages":[],"meta":{}}],"startTime":1763450410550,"endTime":1763450410666.1187,"status":"passed","message":"","name":"/Users/jeanbosco/workspace/easymo-/admin-app/tests/useAgentRegistry.test.tsx"},{"assertionResults":[{"ancestorTitles":["useAgentSessions"],"fullName":"useAgentSessions builds query params for agent sessions","status":"passed","title":"builds query params for agent sessions","duration":118.35172899999998,"failureMessages":[],"meta":{}},{"ancestorTitles":["useAgentSessions"],"fullName":"useAgentSessions omits empty params","status":"passed","title":"omits empty params","duration":7.157202000000325,"failureMessages":[],"meta":{}}],"startTime":1763450408867,"endTime":1763450408993.1572,"status":"passed","message":"","name":"/Users/jeanbosco/workspace/easymo-/admin-app/tests/useAgentSessions.test.tsx"},{"assertionResults":[{"ancestorTitles":["useAssistantPanel"],"fullName":"useAssistantPanel initialises with intro message and no suggestion","status":"passed","title":"initialises with intro message and no suggestion","duration":32.525558000000274,"failureMessages":[],"meta":{}},{"ancestorTitles":["useAssistantPanel"],"fullName":"useAssistantPanel runs a quick prompt and stores the suggestion","status":"passed","title":"runs a quick prompt and stores the suggestion","duration":13.128562999999758,"failureMessages":[],"meta":{}},{"ancestorTitles":["useAssistantPanel"],"fullName":"useAssistantPanel submits freeform input, adds user message, and clears input","status":"passed","title":"submits freeform input, adds user message, and clears input","duration":9.141753999999764,"failureMessages":[],"meta":{}},{"ancestorTitles":["useAssistantPanel"],"fullName":"useAssistantPanel logs decision when applying an action","status":"passed","title":"logs decision when applying an action","duration":6.401506000000154,"failureMessages":[],"meta":{}},{"ancestorTitles":["useAssistantPanel"],"fullName":"useAssistantPanel dismisses a suggestion and clears state","status":"passed","title":"dismisses a suggestion and clears state","duration":6.00398499999983,"failureMessages":[],"meta":{}},{"ancestorTitles":["useAssistantPanel"],"fullName":"useAssistantPanel copies summary to clipboard","status":"passed","title":"copies summary to clipboard","duration":6.953727000000072,"failureMessages":[],"meta":{}},{"ancestorTitles":["useAssistantPanel"],"fullName":"useAssistantPanel prevents closing while pending","status":"passed","title":"prevents closing while pending","duration":3.493484999999964,"failureMessages":[],"meta":{}}],"startTime":1763450413194,"endTime":1763450413272.4934,"status":"passed","message":"","name":"/Users/jeanbosco/workspace/easymo-/admin-app/tests/useAssistantPanel.test.ts"},{"assertionResults":[{"ancestorTitles":["useFlowsListing"],"fullName":"useFlowsListing provides listing data and handlers","status":"passed","title":"provides listing data and handlers","duration":40.40940099999989,"failureMessages":[],"meta":{}}],"startTime":1763450413260,"endTime":1763450413300.4094,"status":"passed","message":"","name":"/Users/jeanbosco/workspace/easymo-/admin-app/tests/useFlowsListing.test.ts"},{"assertionResults":[{"ancestorTitles":["wa outbound messages route"],"fullName":"wa outbound messages route queues a notification and triggers worker","status":"passed","title":"queues a notification and triggers worker","duration":74.80088500000011,"failureMessages":[],"meta":{}},{"ancestorTitles":["wa outbound messages route"],"fullName":"wa outbound messages route rejects invalid payloads","status":"passed","title":"rejects invalid payloads","duration":5.302042000000256,"failureMessages":[],"meta":{}}],"startTime":1763450412809,"endTime":1763450412889.302,"status":"passed","message":"","name":"/Users/jeanbosco/workspace/easymo-/admin-app/tests/wa-outbound-route.test.ts"},{"assertionResults":[],"startTime":1763450396016,"endTime":1763450396016,"status":"failed","message":"[vitest] There was an error when mocking a module. If you are using \"vi.mock\" factory, make sure there are no top level variables inside, since this call is hoisted to top of the file. Read more: https://vitest.dev/api/vi.html#vi-mock","name":"/Users/jeanbosco/workspace/easymo-/admin-app/__tests__/components/EnhancedBreadcrumbs.test.tsx"},{"assertionResults":[],"startTime":1763450396016,"endTime":1763450396016,"status":"failed","message":"[vitest] There was an error when mocking a module. If you are using \"vi.mock\" factory, make sure there are no top level variables inside, since this call is hoisted to top of the file. Read more: https://vitest.dev/api/vi.html#vi-mock","name":"/Users/jeanbosco/workspace/easymo-/admin-app/__tests__/components/EnhancedNav.test.tsx"},{"assertionResults":[{"ancestorTitles":["GlobalSearch"],"fullName":"GlobalSearch opens and focuses when meta+K shortcut is used","status":"passed","title":"opens and focuses when meta+K shortcut is used","duration":213.3244650000006,"failureMessages":[],"meta":{}},{"ancestorTitles":["GlobalSearch"],"fullName":"GlobalSearch closes the panel when the shortcut is used again","status":"passed","title":"closes the panel when the shortcut is used again","duration":40.31536200000028,"failureMessages":[],"meta":{}},{"ancestorTitles":["GlobalSearch"],"fullName":"GlobalSearch ignores the shortcut when pressed inside other editable elements","status":"passed","title":"ignores the shortcut when pressed inside other editable elements","duration":41.849739999999656,"failureMessages":[],"meta":{}}],"startTime":1763450406749,"endTime":1763450407044.8499,"status":"passed","message":"","name":"/Users/jeanbosco/workspace/easymo-/admin-app/__tests__/components/GlobalSearch.test.tsx"},{"assertionResults":[{"ancestorTitles":["PanelShell mobile navigation accessibility"],"fullName":"PanelShell mobile navigation accessibility moves focus to the first navigation link when the drawer opens","status":"failed","title":"moves focus to the first navigation link when the drawer opens","duration":1388.7528469999997,"failureMessages":["Error: Unable to find role=\"dialog\" and name `/primary navigation/i`\n\nIgnored nodes: comments, script, style\n\u001b[36m<body\u001b[39m\n  \u001b[33mstyle\u001b[39m=\u001b[32m\"overflow: hidden;\"\u001b[39m\n\u001b[36m>\u001b[39m\n  \u001b[36m<div>\u001b[39m\n    \u001b[36m<a\u001b[39m\n      \u001b[33mclass\u001b[39m=\u001b[32m\"skip-link\"\u001b[39m\n      \u001b[33mhref\u001b[39m=\u001b[32m\"#main-content\"\u001b[39m\n    \u001b[36m>\u001b[39m\n      \u001b[0mSkip to main content\u001b[0m\n    \u001b[36m</a>\u001b[39m\n    \u001b[36m<div\u001b[39m\n      \u001b[33mclass\u001b[39m=\u001b[32m\"app-shell\"\u001b[39m\n    \u001b[36m>\u001b[39m\n      \u001b[36m<aside\u001b[39m\n        \u001b[33maria-label\u001b[39m=\u001b[32m\"Admin navigation\"\u001b[39m\n        \u001b[33mclass\u001b[39m=\u001b[32m\"sidebar-rail\"\u001b[39m\n      \u001b[36m>\u001b[39m\n        \u001b[36m<div\u001b[39m\n          \u001b[33maria-hidden\u001b[39m=\u001b[32m\"true\"\u001b[39m\n          \u001b[33mclass\u001b[39m=\u001b[32m\"sidebar-rail__brand\"\u001b[39m\n        \u001b[36m>\u001b[39m\n          \u001b[36m<span\u001b[39m\n            \u001b[33mclass\u001b[39m=\u001b[32m\"sidebar-rail__glyph\"\u001b[39m\n          \u001b[36m>\u001b[39m\n            \u001b[0m◎\u001b[0m\n          \u001b[36m</span>\u001b[39m\n        \u001b[36m</div>\u001b[39m\n        \u001b[36m<nav\u001b[39m\n          \u001b[33maria-label\u001b[39m=\u001b[32m\"Primary\"\u001b[39m\n          \u001b[33mclass\u001b[39m=\u001b[32m\"sidebar-rail__nav\"\u001b[39m\n        \u001b[36m>\u001b[39m\n          \u001b[36m<a\u001b[39m\n            \u001b[33maria-current\u001b[39m=\u001b[32m\"page\"\u001b[39m\n            \u001b[33maria-label\u001b[39m=\u001b[32m\"Dashboard\"\u001b[39m\n            \u001b[33mclass\u001b[39m=\u001b[32m\"sidebar-rail__link sidebar-rail__link--active\"\u001b[39m\n            \u001b[33mhref\u001b[39m=\u001b[32m\"/dashboard\"\u001b[39m\n          \u001b[36m>\u001b[39m\n            \u001b[36m<span\u001b[39m\n              \u001b[33maria-hidden\u001b[39m=\u001b[32m\"true\"\u001b[39m\n              \u001b[33mclass\u001b[39m=\u001b[32m\"sidebar-rail__icon\"\u001b[39m\n            \u001b[36m>\u001b[39m\n              \u001b[0m•\u001b[0m\n            \u001b[36m</span>\u001b[39m\n            \u001b[36m<span\u001b[39m\n              \u001b[33mclass\u001b[39m=\u001b[32m\"sidebar-rail__label visually-hidden\"\u001b[39m\n            \u001b[36m>\u001b[39m\n              \u001b[0mDashboard\u001b[0m\n            \u001b[36m</span>\u001b[39m\n          \u001b[36m</a>\u001b[39m\n          \u001b[36m<a\u001b[39m\n            \u001b[33maria-label\u001b[39m=\u001b[32m\"Analytics\"\u001b[39m\n            \u001b[33mclass\u001b[39m=\u001b[32m\"sidebar-rail__link\"\u001b[39m\n            \u001b[33mhref\u001b[39m=\u001b[32m\"/analytics\"\u001b[39m\n          \u001b[36m>\u001b[39m\n            \u001b[36m<span\u001b[39m\n              \u001b[33maria-hidden\u001b[39m=\u001b[32m\"true\"\u001b[39m\n              \u001b[33mclass\u001b[39m=\u001b[32m\"sidebar-rail__icon\"\u001b[39m\n            \u001b[36m>\u001b[39m\n              \u001b[0m•\u001b[0m\n            \u001b[36m</span>\u001b[39m\n            \u001b[36m<span\u001b[39m\n              \u001b[33mclass\u001b[39m=\u001b[32m\"sidebar-rail__label visually-hidden\"\u001b[39m\n            \u001b[36m>\u001b[39m\n              \u001b[0mAnalytics\u001b[0m\n            \u001b[36m</span>\u001b[39m\n          \u001b[36m</a>\u001b[39m\n          \u001b[36m<a\u001b[39m\n            \u001b[33maria-label\u001b[39m=\u001b[32m\"Agent overview\"\u001b[39m\n            \u001b[33mclass\u001b[39m=\u001b[32m\"sidebar-rail__link\"\u001b[39m\n            \u001b[33mhref\u001b[39m=\u001b[32m\"/agents/overview\"\u001b[39m\n          \u001b[36m>\u001b[39m\n            \u001b[36m<span\u001b[39m\n              \u001b[33maria-hidden\u001b[39m=\u001b[32m\"true\"\u001b[39m\n              \u001b[33mclass\u001b[39m=\u001b[32m\"sidebar-rail__icon\"\u001b[39m\n            \u001b[36m>\u001b[39m\n              \u001b[0m•\u001b[0m\n            \u001b[36m</span>\u001b[39m\n            \u001b[36m<span\u001b[39m\n              \u001b[33mclass\u001b[39m=\u001b[32m\"sidebar-rail__label visually-hidden\"\u001b[39m\n            \u001b[36m>\u001b[39m\n              \u001b[0mAgent overview\u001b[0m\n            \u001b[36m</span>\u001b[39m\n          \u001b[36m</a>\u001b[39m\n          \u001b[36m<a\u001b[39m\n            \u001b[33maria-label\u001b[39m=\u001b[32m\"Agent dashboard\"\u001b[39m\n            \u001b[33mclass\u001b[39m=\u001b[32m\"sidebar-rail__link\"\u001b[39m\n            \u001b[33mhref\u001b[39m=\u001b[32m\"/agents/dashboard\"\u001b[39m\n          \u001b[36m>\u001b[39m\n            \u001b[36m<span\u001b[39m\n              \u001b[33maria-hidden\u001b[39m=\u001b[32m\"true\"\u001b[39m\n              \u001b[33mclass\u001b[39m=\u001b[32m\"sidebar-rail__icon\"\u001b[39m\n            \u001b[36m>\u001b[39m\n              \u001b[0m•\u001b[0m\n            \u001b[36m</span>\u001b[39m\n            \u001b[36m<span\u001b[39m\n              \u001b[33mclass\u001b[39m=\u001b[32m\"sidebar-rail__label visually-hidden\"\u001b[39m\n            \u001b[36m>\u001b[39m\n              \u001b[0mAgent dashboard\u001b[0m\n            \u001b[36m</span>\u001b[39m\n          \u001b[36m</a>\u001b[39m\n          \u001b[36m<a\u001b[39m\n            \u001b[33maria-label\u001b[39m=\u001b[32m\"Driver agent\"\u001b[39m\n            \u001b[33mclass\u001b[39m=\u001b[32m\"sidebar-rail__link\"\u001b[39m\n            \u001b[33mhref\u001b[39m=\u001b[32m\"/agents/driver\"\u001b[39m\n          \u001b[36m>\u001b[39m\n            \u001b[36m<span\u001b[39m\n              \u001b[33maria-hidden\u001b[39m=\u001b[32m\"true\"\u001b[39m\n              \u001b[33mclass\u001b[39m=\u001b[32m\"sidebar-rail__icon\"\u001b[39m\n            \u001b[36m>\u001b[39m\n              \u001b[0m•\u001b[0m\n            \u001b[36m</span>\u001b[39m\n            \u001b[36m<span\u001b[39m\n              \u001b[33mclass\u001b[39m=\u001b[32m\"sidebar-rail__label visually-hidden\"\u001b[39m\n            \u001b[36m>\u001b[39m\n              \u001b[0mDriver agent\u001b[0m\n            \u001b[36m</span>\u001b[39m\n          \u001b[36m</a>\u001b[39m\n          \u001b[36m<a\u001b[39m\n            \u001b[33maria-label\u001b[39m=\u001b[32m\"Pharmacy agent\"\u001b[39m\n            \u001b[33mclass\u001b[39m=\u001b[32m\"sidebar-rail__link\"\u001b[39m\n            \u001b[33mhref\u001b[39m=\u001b[32m\"/agents/pharmacy\"\u001b[39m\n          \u001b[36m>\u001b[39m\n            \u001b[36m<span\u001b[39m\n              \u001b[33maria-hidden\u001b[39m=\u001b[32m\"true\"\u001b[39m\n              \u001b[33mclass\u001b[39m=\u001b[32m\"sidebar-rail__icon\"\u001b[39m\n            \u001b[36m>\u001b[39m\n              \u001b[0m•\u001b[0m\n            \u001b[36m</span>\u001b[39m\n            \u001b[36m<span\u001b[39m\n              \u001b[33mclass\u001b[39m=\u001b[32m\"sidebar-rail__label visually-hidden\"\u001b[39m\n            \u001b[36m>\u001b[39m\n              \u001b[0mPharmacy agent\u001b[0m\n            \u001b[36m</span>\u001b[39m\n          \u001b[36m</a>\u001b[39m\n          \u001b[36m<a\u001b[39m\n            \u001b[33maria-label\u001b[39m=\u001b[32m\"Shops and services agent\"\u001b[39m\n            \u001b[33mclass\u001b[39m=\u001b[32m\"sidebar-rail__link\"\u001b[39m\n            \u001b[33mhref\u001b[39m=\u001b[32m\"/agents/shops\"\u001b[39m\n          \u001b[36m>\u001b[39m\n            \u001b[36m<span\u001b[39m\n              \u001b[33maria-hidden\u001b[39m=\u001b[32m\"true\"\u001b[39m\n              \u001b[33mclass\u001b[39m=\u001b[32m\"sidebar-rail__icon\"\u001b[39m\n            \u001b[36m>\u001b[39m\n              \u001b[0m•\u001b[0m\n            \u001b[36m</span>\u001b[39m\n            \u001b[36m<span\u001b[39m\n              \u001b[33mclass\u001b[39m=\u001b[32m\"sidebar-rail__label visually-hidden\"\u001b[39m\n            \u001b[36m>\u001b[39m\n              \u001b[0mShops and services agent\u001b[0m\n            \u001b[36m</span>\u001b[39m\n          \u001b[36m</a>\u001b[39m\n          \u001b[36m<a\u001b[39m\n            \u001b[33maria-label\u001b[39m=\u001b[32m\"Hardware agent\"\u001b[39m\n            \u001b[33mclass\u001b[39m=\u001b[32m\"sidebar-rail__link\"\u001b[39m\n            \u001b[33mhref\u001b[39m=\u001b[32m\"/agents/hardware\"\u001b[39m\n          \u001b[36m>\u001b[39m\n            \u001b[36m<span\u001b[39m\n              \u001b[33maria-hidden\u001b[39m=\u001b[32m\"true\"\u001b[39m\n              \u001b[33mclass\u001b[39m=\u001b[32m\"sidebar-rail__icon\"\u001b[39m\n            \u001b[36m>\u001b[39m\n              \u001b[0m•\u001b[0m\n            \u001b[36m</span>\u001b[39m\n            \u001b[36m<span\u001b[39m\n              \u001b[33mclass\u001b[39m=\u001b[32m\"sidebar-rail__label visually-hidden\"\u001b[39m\n            \u001b[36m>\u001b[39m\n              \u001b[0mHardware agent\u001b[0m\n            \u001b[36m</span>\u001b[39m\n          \u001b[36m</a>\u001b[39m\n          \u001b[36m<a\u001b[39m\n            \u001b[33maria-label\u001b[39m=\u001b[32m\"Property agent\"\u001b[39m\n            \u001b[33mclass\u001b[39m=\u001b[32m\"sidebar-rail__link\"\u001b[39m\n            \u001b[33mhref\u001b[39m=\u001b[32m\"/agents/property\"\u001b[39m\n          \u001b[36m>\u001b[39m\n            \u001b[36m<span\u001b[39m\n              \u001b[33maria-hidden\u001b[39m=\u001b[32m\"true\"\u001b[39m\n              \u001b[33mclass\u001b[39m=\u001b[32m\"sidebar-rail__icon\"\u001b[39m\n            \u001b[36m>\u001b[39m\n              \u001b[0m•\u001b[0m\n            \u001b[36m</span>\u001b[39m\n            \u001b[36m<span\u001b[39m\n              \u001b[33mclass\u001b[39m=\u001b[32m\"sidebar-rail__label visually-hidden\"\u001b[39m\n            \u001b[36m>\u001b[39m\n              \u001b[0mProperty agent\u001b[0m\n            \u001b[36m</span>\u001b[39m\n          \u001b[36m</a>\u001b[39m...\n    at waitForWrapper (/Users/jeanbosco/workspace/easymo-/node_modules/.pnpm/@testing-library+dom@9.3.4/node_modules/@testing-library/dom/dist/wait-for.js:163:27)\n    at /Users/jeanbosco/workspace/easymo-/node_modules/.pnpm/@testing-library+dom@9.3.4/node_modules/@testing-library/dom/dist/query-helpers.js:86:33\n    at /Users/jeanbosco/workspace/easymo-/admin-app/__tests__/components/PanelShell.mobile-nav.test.tsx:59:33\n    at file:///Users/jeanbosco/workspace/easymo-/node_modules/.pnpm/@vitest+runner@3.2.4/node_modules/@vitest/runner/dist/chunk-hooks.js:752:20"],"meta":{}},{"ancestorTitles":["PanelShell mobile navigation accessibility"],"fullName":"PanelShell mobile navigation accessibility closes the drawer on Escape and restores focus to the menu toggle","status":"failed","title":"closes the drawer on Escape and restores focus to the menu toggle","duration":1186.8295560000006,"failureMessages":["Error: Unable to find role=\"dialog\" and name `/primary navigation/i`\n\nIgnored nodes: comments, script, style\n\u001b[36m<body\u001b[39m\n  \u001b[33mstyle\u001b[39m=\u001b[32m\"overflow: hidden;\"\u001b[39m\n\u001b[36m>\u001b[39m\n  \u001b[36m<div>\u001b[39m\n    \u001b[36m<a\u001b[39m\n      \u001b[33mclass\u001b[39m=\u001b[32m\"skip-link\"\u001b[39m\n      \u001b[33mhref\u001b[39m=\u001b[32m\"#main-content\"\u001b[39m\n    \u001b[36m>\u001b[39m\n      \u001b[0mSkip to main content\u001b[0m\n    \u001b[36m</a>\u001b[39m\n    \u001b[36m<div\u001b[39m\n      \u001b[33mclass\u001b[39m=\u001b[32m\"app-shell\"\u001b[39m\n    \u001b[36m>\u001b[39m\n      \u001b[36m<aside\u001b[39m\n        \u001b[33maria-label\u001b[39m=\u001b[32m\"Admin navigation\"\u001b[39m\n        \u001b[33mclass\u001b[39m=\u001b[32m\"sidebar-rail\"\u001b[39m\n      \u001b[36m>\u001b[39m\n        \u001b[36m<div\u001b[39m\n          \u001b[33maria-hidden\u001b[39m=\u001b[32m\"true\"\u001b[39m\n          \u001b[33mclass\u001b[39m=\u001b[32m\"sidebar-rail__brand\"\u001b[39m\n        \u001b[36m>\u001b[39m\n          \u001b[36m<span\u001b[39m\n            \u001b[33mclass\u001b[39m=\u001b[32m\"sidebar-rail__glyph\"\u001b[39m\n          \u001b[36m>\u001b[39m\n            \u001b[0m◎\u001b[0m\n          \u001b[36m</span>\u001b[39m\n        \u001b[36m</div>\u001b[39m\n        \u001b[36m<nav\u001b[39m\n          \u001b[33maria-label\u001b[39m=\u001b[32m\"Primary\"\u001b[39m\n          \u001b[33mclass\u001b[39m=\u001b[32m\"sidebar-rail__nav\"\u001b[39m\n        \u001b[36m>\u001b[39m\n          \u001b[36m<a\u001b[39m\n            \u001b[33maria-current\u001b[39m=\u001b[32m\"page\"\u001b[39m\n            \u001b[33maria-label\u001b[39m=\u001b[32m\"Dashboard\"\u001b[39m\n            \u001b[33mclass\u001b[39m=\u001b[32m\"sidebar-rail__link sidebar-rail__link--active\"\u001b[39m\n            \u001b[33mhref\u001b[39m=\u001b[32m\"/dashboard\"\u001b[39m\n          \u001b[36m>\u001b[39m\n            \u001b[36m<span\u001b[39m\n              \u001b[33maria-hidden\u001b[39m=\u001b[32m\"true\"\u001b[39m\n              \u001b[33mclass\u001b[39m=\u001b[32m\"sidebar-rail__icon\"\u001b[39m\n            \u001b[36m>\u001b[39m\n              \u001b[0m•\u001b[0m\n            \u001b[36m</span>\u001b[39m\n            \u001b[36m<span\u001b[39m\n              \u001b[33mclass\u001b[39m=\u001b[32m\"sidebar-rail__label visually-hidden\"\u001b[39m\n            \u001b[36m>\u001b[39m\n              \u001b[0mDashboard\u001b[0m\n            \u001b[36m</span>\u001b[39m\n          \u001b[36m</a>\u001b[39m\n          \u001b[36m<a\u001b[39m\n            \u001b[33maria-label\u001b[39m=\u001b[32m\"Analytics\"\u001b[39m\n            \u001b[33mclass\u001b[39m=\u001b[32m\"sidebar-rail__link\"\u001b[39m\n            \u001b[33mhref\u001b[39m=\u001b[32m\"/analytics\"\u001b[39m\n          \u001b[36m>\u001b[39m\n            \u001b[36m<span\u001b[39m\n              \u001b[33maria-hidden\u001b[39m=\u001b[32m\"true\"\u001b[39m\n              \u001b[33mclass\u001b[39m=\u001b[32m\"sidebar-rail__icon\"\u001b[39m\n            \u001b[36m>\u001b[39m\n              \u001b[0m•\u001b[0m\n            \u001b[36m</span>\u001b[39m\n            \u001b[36m<span\u001b[39m\n              \u001b[33mclass\u001b[39m=\u001b[32m\"sidebar-rail__label visually-hidden\"\u001b[39m\n            \u001b[36m>\u001b[39m\n              \u001b[0mAnalytics\u001b[0m\n            \u001b[36m</span>\u001b[39m\n          \u001b[36m</a>\u001b[39m\n          \u001b[36m<a\u001b[39m\n            \u001b[33maria-label\u001b[39m=\u001b[32m\"Agent overview\"\u001b[39m\n            \u001b[33mclass\u001b[39m=\u001b[32m\"sidebar-rail__link\"\u001b[39m\n            \u001b[33mhref\u001b[39m=\u001b[32m\"/agents/overview\"\u001b[39m\n          \u001b[36m>\u001b[39m\n            \u001b[36m<span\u001b[39m\n              \u001b[33maria-hidden\u001b[39m=\u001b[32m\"true\"\u001b[39m\n              \u001b[33mclass\u001b[39m=\u001b[32m\"sidebar-rail__icon\"\u001b[39m\n            \u001b[36m>\u001b[39m\n              \u001b[0m•\u001b[0m\n            \u001b[36m</span>\u001b[39m\n            \u001b[36m<span\u001b[39m\n              \u001b[33mclass\u001b[39m=\u001b[32m\"sidebar-rail__label visually-hidden\"\u001b[39m\n            \u001b[36m>\u001b[39m\n              \u001b[0mAgent overview\u001b[0m\n            \u001b[36m</span>\u001b[39m\n          \u001b[36m</a>\u001b[39m\n          \u001b[36m<a\u001b[39m\n            \u001b[33maria-label\u001b[39m=\u001b[32m\"Agent dashboard\"\u001b[39m\n            \u001b[33mclass\u001b[39m=\u001b[32m\"sidebar-rail__link\"\u001b[39m\n            \u001b[33mhref\u001b[39m=\u001b[32m\"/agents/dashboard\"\u001b[39m\n          \u001b[36m>\u001b[39m\n            \u001b[36m<span\u001b[39m\n              \u001b[33maria-hidden\u001b[39m=\u001b[32m\"true\"\u001b[39m\n              \u001b[33mclass\u001b[39m=\u001b[32m\"sidebar-rail__icon\"\u001b[39m\n            \u001b[36m>\u001b[39m\n              \u001b[0m•\u001b[0m\n            \u001b[36m</span>\u001b[39m\n            \u001b[36m<span\u001b[39m\n              \u001b[33mclass\u001b[39m=\u001b[32m\"sidebar-rail__label visually-hidden\"\u001b[39m\n            \u001b[36m>\u001b[39m\n              \u001b[0mAgent dashboard\u001b[0m\n            \u001b[36m</span>\u001b[39m\n          \u001b[36m</a>\u001b[39m\n          \u001b[36m<a\u001b[39m\n            \u001b[33maria-label\u001b[39m=\u001b[32m\"Driver agent\"\u001b[39m\n            \u001b[33mclass\u001b[39m=\u001b[32m\"sidebar-rail__link\"\u001b[39m\n            \u001b[33mhref\u001b[39m=\u001b[32m\"/agents/driver\"\u001b[39m\n          \u001b[36m>\u001b[39m\n            \u001b[36m<span\u001b[39m\n              \u001b[33maria-hidden\u001b[39m=\u001b[32m\"true\"\u001b[39m\n              \u001b[33mclass\u001b[39m=\u001b[32m\"sidebar-rail__icon\"\u001b[39m\n            \u001b[36m>\u001b[39m\n              \u001b[0m•\u001b[0m\n            \u001b[36m</span>\u001b[39m\n            \u001b[36m<span\u001b[39m\n              \u001b[33mclass\u001b[39m=\u001b[32m\"sidebar-rail__label visually-hidden\"\u001b[39m\n            \u001b[36m>\u001b[39m\n              \u001b[0mDriver agent\u001b[0m\n            \u001b[36m</span>\u001b[39m\n          \u001b[36m</a>\u001b[39m\n          \u001b[36m<a\u001b[39m\n            \u001b[33maria-label\u001b[39m=\u001b[32m\"Pharmacy agent\"\u001b[39m\n            \u001b[33mclass\u001b[39m=\u001b[32m\"sidebar-rail__link\"\u001b[39m\n            \u001b[33mhref\u001b[39m=\u001b[32m\"/agents/pharmacy\"\u001b[39m\n          \u001b[36m>\u001b[39m\n            \u001b[36m<span\u001b[39m\n              \u001b[33maria-hidden\u001b[39m=\u001b[32m\"true\"\u001b[39m\n              \u001b[33mclass\u001b[39m=\u001b[32m\"sidebar-rail__icon\"\u001b[39m\n            \u001b[36m>\u001b[39m\n              \u001b[0m•\u001b[0m\n            \u001b[36m</span>\u001b[39m\n            \u001b[36m<span\u001b[39m\n              \u001b[33mclass\u001b[39m=\u001b[32m\"sidebar-rail__label visually-hidden\"\u001b[39m\n            \u001b[36m>\u001b[39m\n              \u001b[0mPharmacy agent\u001b[0m\n            \u001b[36m</span>\u001b[39m\n          \u001b[36m</a>\u001b[39m\n          \u001b[36m<a\u001b[39m\n            \u001b[33maria-label\u001b[39m=\u001b[32m\"Shops and services agent\"\u001b[39m\n            \u001b[33mclass\u001b[39m=\u001b[32m\"sidebar-rail__link\"\u001b[39m\n            \u001b[33mhref\u001b[39m=\u001b[32m\"/agents/shops\"\u001b[39m\n          \u001b[36m>\u001b[39m\n            \u001b[36m<span\u001b[39m\n              \u001b[33maria-hidden\u001b[39m=\u001b[32m\"true\"\u001b[39m\n              \u001b[33mclass\u001b[39m=\u001b[32m\"sidebar-rail__icon\"\u001b[39m\n            \u001b[36m>\u001b[39m\n              \u001b[0m•\u001b[0m\n            \u001b[36m</span>\u001b[39m\n            \u001b[36m<span\u001b[39m\n              \u001b[33mclass\u001b[39m=\u001b[32m\"sidebar-rail__label visually-hidden\"\u001b[39m\n            \u001b[36m>\u001b[39m\n              \u001b[0mShops and services agent\u001b[0m\n            \u001b[36m</span>\u001b[39m\n          \u001b[36m</a>\u001b[39m\n          \u001b[36m<a\u001b[39m\n            \u001b[33maria-label\u001b[39m=\u001b[32m\"Hardware agent\"\u001b[39m\n            \u001b[33mclass\u001b[39m=\u001b[32m\"sidebar-rail__link\"\u001b[39m\n            \u001b[33mhref\u001b[39m=\u001b[32m\"/agents/hardware\"\u001b[39m\n          \u001b[36m>\u001b[39m\n            \u001b[36m<span\u001b[39m\n              \u001b[33maria-hidden\u001b[39m=\u001b[32m\"true\"\u001b[39m\n              \u001b[33mclass\u001b[39m=\u001b[32m\"sidebar-rail__icon\"\u001b[39m\n            \u001b[36m>\u001b[39m\n              \u001b[0m•\u001b[0m\n            \u001b[36m</span>\u001b[39m\n            \u001b[36m<span\u001b[39m\n              \u001b[33mclass\u001b[39m=\u001b[32m\"sidebar-rail__label visually-hidden\"\u001b[39m\n            \u001b[36m>\u001b[39m\n              \u001b[0mHardware agent\u001b[0m\n            \u001b[36m</span>\u001b[39m\n          \u001b[36m</a>\u001b[39m\n          \u001b[36m<a\u001b[39m\n            \u001b[33maria-label\u001b[39m=\u001b[32m\"Property agent\"\u001b[39m\n            \u001b[33mclass\u001b[39m=\u001b[32m\"sidebar-rail__link\"\u001b[39m\n            \u001b[33mhref\u001b[39m=\u001b[32m\"/agents/property\"\u001b[39m\n          \u001b[36m>\u001b[39m\n            \u001b[36m<span\u001b[39m\n              \u001b[33maria-hidden\u001b[39m=\u001b[32m\"true\"\u001b[39m\n              \u001b[33mclass\u001b[39m=\u001b[32m\"sidebar-rail__icon\"\u001b[39m\n            \u001b[36m>\u001b[39m\n              \u001b[0m•\u001b[0m\n            \u001b[36m</span>\u001b[39m\n            \u001b[36m<span\u001b[39m\n              \u001b[33mclass\u001b[39m=\u001b[32m\"sidebar-rail__label visually-hidden\"\u001b[39m\n            \u001b[36m>\u001b[39m\n              \u001b[0mProperty agent\u001b[0m\n            \u001b[36m</span>\u001b[39m\n          \u001b[36m</a>\u001b[39m...\n    at waitForWrapper (/Users/jeanbosco/workspace/easymo-/node_modules/.pnpm/@testing-library+dom@9.3.4/node_modules/@testing-library/dom/dist/wait-for.js:163:27)\n    at /Users/jeanbosco/workspace/easymo-/node_modules/.pnpm/@testing-library+dom@9.3.4/node_modules/@testing-library/dom/dist/query-helpers.js:86:33\n    at /Users/jeanbosco/workspace/easymo-/admin-app/__tests__/components/PanelShell.mobile-nav.test.tsx:74:18\n    at file:///Users/jeanbosco/workspace/easymo-/node_modules/.pnpm/@vitest+runner@3.2.4/node_modules/@vitest/runner/dist/chunk-hooks.js:752:20"],"meta":{}},{"ancestorTitles":["PanelShell mobile navigation accessibility"],"fullName":"PanelShell mobile navigation accessibility closes the drawer when the backdrop is clicked and restores focus","status":"failed","title":"closes the drawer when the backdrop is clicked and restores focus","duration":1120.8310229999997,"failureMessages":["Error: Unable to find role=\"dialog\" and name `/primary navigation/i`\n\nIgnored nodes: comments, script, style\n\u001b[36m<body\u001b[39m\n  \u001b[33mstyle\u001b[39m=\u001b[32m\"overflow: hidden;\"\u001b[39m\n\u001b[36m>\u001b[39m\n  \u001b[36m<div>\u001b[39m\n    \u001b[36m<a\u001b[39m\n      \u001b[33mclass\u001b[39m=\u001b[32m\"skip-link\"\u001b[39m\n      \u001b[33mhref\u001b[39m=\u001b[32m\"#main-content\"\u001b[39m\n    \u001b[36m>\u001b[39m\n      \u001b[0mSkip to main content\u001b[0m\n    \u001b[36m</a>\u001b[39m\n    \u001b[36m<div\u001b[39m\n      \u001b[33mclass\u001b[39m=\u001b[32m\"app-shell\"\u001b[39m\n    \u001b[36m>\u001b[39m\n      \u001b[36m<aside\u001b[39m\n        \u001b[33maria-label\u001b[39m=\u001b[32m\"Admin navigation\"\u001b[39m\n        \u001b[33mclass\u001b[39m=\u001b[32m\"sidebar-rail\"\u001b[39m\n      \u001b[36m>\u001b[39m\n        \u001b[36m<div\u001b[39m\n          \u001b[33maria-hidden\u001b[39m=\u001b[32m\"true\"\u001b[39m\n          \u001b[33mclass\u001b[39m=\u001b[32m\"sidebar-rail__brand\"\u001b[39m\n        \u001b[36m>\u001b[39m\n          \u001b[36m<span\u001b[39m\n            \u001b[33mclass\u001b[39m=\u001b[32m\"sidebar-rail__glyph\"\u001b[39m\n          \u001b[36m>\u001b[39m\n            \u001b[0m◎\u001b[0m\n          \u001b[36m</span>\u001b[39m\n        \u001b[36m</div>\u001b[39m\n        \u001b[36m<nav\u001b[39m\n          \u001b[33maria-label\u001b[39m=\u001b[32m\"Primary\"\u001b[39m\n          \u001b[33mclass\u001b[39m=\u001b[32m\"sidebar-rail__nav\"\u001b[39m\n        \u001b[36m>\u001b[39m\n          \u001b[36m<a\u001b[39m\n            \u001b[33maria-current\u001b[39m=\u001b[32m\"page\"\u001b[39m\n            \u001b[33maria-label\u001b[39m=\u001b[32m\"Dashboard\"\u001b[39m\n            \u001b[33mclass\u001b[39m=\u001b[32m\"sidebar-rail__link sidebar-rail__link--active\"\u001b[39m\n            \u001b[33mhref\u001b[39m=\u001b[32m\"/dashboard\"\u001b[39m\n          \u001b[36m>\u001b[39m\n            \u001b[36m<span\u001b[39m\n              \u001b[33maria-hidden\u001b[39m=\u001b[32m\"true\"\u001b[39m\n              \u001b[33mclass\u001b[39m=\u001b[32m\"sidebar-rail__icon\"\u001b[39m\n            \u001b[36m>\u001b[39m\n              \u001b[0m•\u001b[0m\n            \u001b[36m</span>\u001b[39m\n            \u001b[36m<span\u001b[39m\n              \u001b[33mclass\u001b[39m=\u001b[32m\"sidebar-rail__label visually-hidden\"\u001b[39m\n            \u001b[36m>\u001b[39m\n              \u001b[0mDashboard\u001b[0m\n            \u001b[36m</span>\u001b[39m\n          \u001b[36m</a>\u001b[39m\n          \u001b[36m<a\u001b[39m\n            \u001b[33maria-label\u001b[39m=\u001b[32m\"Analytics\"\u001b[39m\n            \u001b[33mclass\u001b[39m=\u001b[32m\"sidebar-rail__link\"\u001b[39m\n            \u001b[33mhref\u001b[39m=\u001b[32m\"/analytics\"\u001b[39m\n          \u001b[36m>\u001b[39m\n            \u001b[36m<span\u001b[39m\n              \u001b[33maria-hidden\u001b[39m=\u001b[32m\"true\"\u001b[39m\n              \u001b[33mclass\u001b[39m=\u001b[32m\"sidebar-rail__icon\"\u001b[39m\n            \u001b[36m>\u001b[39m\n              \u001b[0m•\u001b[0m\n            \u001b[36m</span>\u001b[39m\n            \u001b[36m<span\u001b[39m\n              \u001b[33mclass\u001b[39m=\u001b[32m\"sidebar-rail__label visually-hidden\"\u001b[39m\n            \u001b[36m>\u001b[39m\n              \u001b[0mAnalytics\u001b[0m\n            \u001b[36m</span>\u001b[39m\n          \u001b[36m</a>\u001b[39m\n          \u001b[36m<a\u001b[39m\n            \u001b[33maria-label\u001b[39m=\u001b[32m\"Agent overview\"\u001b[39m\n            \u001b[33mclass\u001b[39m=\u001b[32m\"sidebar-rail__link\"\u001b[39m\n            \u001b[33mhref\u001b[39m=\u001b[32m\"/agents/overview\"\u001b[39m\n          \u001b[36m>\u001b[39m\n            \u001b[36m<span\u001b[39m\n              \u001b[33maria-hidden\u001b[39m=\u001b[32m\"true\"\u001b[39m\n              \u001b[33mclass\u001b[39m=\u001b[32m\"sidebar-rail__icon\"\u001b[39m\n            \u001b[36m>\u001b[39m\n              \u001b[0m•\u001b[0m\n            \u001b[36m</span>\u001b[39m\n            \u001b[36m<span\u001b[39m\n              \u001b[33mclass\u001b[39m=\u001b[32m\"sidebar-rail__label visually-hidden\"\u001b[39m\n            \u001b[36m>\u001b[39m\n              \u001b[0mAgent overview\u001b[0m\n            \u001b[36m</span>\u001b[39m\n          \u001b[36m</a>\u001b[39m\n          \u001b[36m<a\u001b[39m\n            \u001b[33maria-label\u001b[39m=\u001b[32m\"Agent dashboard\"\u001b[39m\n            \u001b[33mclass\u001b[39m=\u001b[32m\"sidebar-rail__link\"\u001b[39m\n            \u001b[33mhref\u001b[39m=\u001b[32m\"/agents/dashboard\"\u001b[39m\n          \u001b[36m>\u001b[39m\n            \u001b[36m<span\u001b[39m\n              \u001b[33maria-hidden\u001b[39m=\u001b[32m\"true\"\u001b[39m\n              \u001b[33mclass\u001b[39m=\u001b[32m\"sidebar-rail__icon\"\u001b[39m\n            \u001b[36m>\u001b[39m\n              \u001b[0m•\u001b[0m\n            \u001b[36m</span>\u001b[39m\n            \u001b[36m<span\u001b[39m\n              \u001b[33mclass\u001b[39m=\u001b[32m\"sidebar-rail__label visually-hidden\"\u001b[39m\n            \u001b[36m>\u001b[39m\n              \u001b[0mAgent dashboard\u001b[0m\n            \u001b[36m</span>\u001b[39m\n          \u001b[36m</a>\u001b[39m\n          \u001b[36m<a\u001b[39m\n            \u001b[33maria-label\u001b[39m=\u001b[32m\"Driver agent\"\u001b[39m\n            \u001b[33mclass\u001b[39m=\u001b[32m\"sidebar-rail__link\"\u001b[39m\n            \u001b[33mhref\u001b[39m=\u001b[32m\"/agents/driver\"\u001b[39m\n          \u001b[36m>\u001b[39m\n            \u001b[36m<span\u001b[39m\n              \u001b[33maria-hidden\u001b[39m=\u001b[32m\"true\"\u001b[39m\n              \u001b[33mclass\u001b[39m=\u001b[32m\"sidebar-rail__icon\"\u001b[39m\n            \u001b[36m>\u001b[39m\n              \u001b[0m•\u001b[0m\n            \u001b[36m</span>\u001b[39m\n            \u001b[36m<span\u001b[39m\n              \u001b[33mclass\u001b[39m=\u001b[32m\"sidebar-rail__label visually-hidden\"\u001b[39m\n            \u001b[36m>\u001b[39m\n              \u001b[0mDriver agent\u001b[0m\n            \u001b[36m</span>\u001b[39m\n          \u001b[36m</a>\u001b[39m\n          \u001b[36m<a\u001b[39m\n            \u001b[33maria-label\u001b[39m=\u001b[32m\"Pharmacy agent\"\u001b[39m\n            \u001b[33mclass\u001b[39m=\u001b[32m\"sidebar-rail__link\"\u001b[39m\n            \u001b[33mhref\u001b[39m=\u001b[32m\"/agents/pharmacy\"\u001b[39m\n          \u001b[36m>\u001b[39m\n            \u001b[36m<span\u001b[39m\n              \u001b[33maria-hidden\u001b[39m=\u001b[32m\"true\"\u001b[39m\n              \u001b[33mclass\u001b[39m=\u001b[32m\"sidebar-rail__icon\"\u001b[39m\n            \u001b[36m>\u001b[39m\n              \u001b[0m•\u001b[0m\n            \u001b[36m</span>\u001b[39m\n            \u001b[36m<span\u001b[39m\n              \u001b[33mclass\u001b[39m=\u001b[32m\"sidebar-rail__label visually-hidden\"\u001b[39m\n            \u001b[36m>\u001b[39m\n              \u001b[0mPharmacy agent\u001b[0m\n            \u001b[36m</span>\u001b[39m\n          \u001b[36m</a>\u001b[39m\n          \u001b[36m<a\u001b[39m\n            \u001b[33maria-label\u001b[39m=\u001b[32m\"Shops and services agent\"\u001b[39m\n            \u001b[33mclass\u001b[39m=\u001b[32m\"sidebar-rail__link\"\u001b[39m\n            \u001b[33mhref\u001b[39m=\u001b[32m\"/agents/shops\"\u001b[39m\n          \u001b[36m>\u001b[39m\n            \u001b[36m<span\u001b[39m\n              \u001b[33maria-hidden\u001b[39m=\u001b[32m\"true\"\u001b[39m\n              \u001b[33mclass\u001b[39m=\u001b[32m\"sidebar-rail__icon\"\u001b[39m\n            \u001b[36m>\u001b[39m\n              \u001b[0m•\u001b[0m\n            \u001b[36m</span>\u001b[39m\n            \u001b[36m<span\u001b[39m\n              \u001b[33mclass\u001b[39m=\u001b[32m\"sidebar-rail__label visually-hidden\"\u001b[39m\n            \u001b[36m>\u001b[39m\n              \u001b[0mShops and services agent\u001b[0m\n            \u001b[36m</span>\u001b[39m\n          \u001b[36m</a>\u001b[39m\n          \u001b[36m<a\u001b[39m\n            \u001b[33maria-label\u001b[39m=\u001b[32m\"Hardware agent\"\u001b[39m\n            \u001b[33mclass\u001b[39m=\u001b[32m\"sidebar-rail__link\"\u001b[39m\n            \u001b[33mhref\u001b[39m=\u001b[32m\"/agents/hardware\"\u001b[39m\n          \u001b[36m>\u001b[39m\n            \u001b[36m<span\u001b[39m\n              \u001b[33maria-hidden\u001b[39m=\u001b[32m\"true\"\u001b[39m\n              \u001b[33mclass\u001b[39m=\u001b[32m\"sidebar-rail__icon\"\u001b[39m\n            \u001b[36m>\u001b[39m\n              \u001b[0m•\u001b[0m\n            \u001b[36m</span>\u001b[39m\n            \u001b[36m<span\u001b[39m\n              \u001b[33mclass\u001b[39m=\u001b[32m\"sidebar-rail__label visually-hidden\"\u001b[39m\n            \u001b[36m>\u001b[39m\n              \u001b[0mHardware agent\u001b[0m\n            \u001b[36m</span>\u001b[39m\n          \u001b[36m</a>\u001b[39m\n          \u001b[36m<a\u001b[39m\n            \u001b[33maria-label\u001b[39m=\u001b[32m\"Property agent\"\u001b[39m\n            \u001b[33mclass\u001b[39m=\u001b[32m\"sidebar-rail__link\"\u001b[39m\n            \u001b[33mhref\u001b[39m=\u001b[32m\"/agents/property\"\u001b[39m\n          \u001b[36m>\u001b[39m\n            \u001b[36m<span\u001b[39m\n              \u001b[33maria-hidden\u001b[39m=\u001b[32m\"true\"\u001b[39m\n              \u001b[33mclass\u001b[39m=\u001b[32m\"sidebar-rail__icon\"\u001b[39m\n            \u001b[36m>\u001b[39m\n              \u001b[0m•\u001b[0m\n            \u001b[36m</span>\u001b[39m\n            \u001b[36m<span\u001b[39m\n              \u001b[33mclass\u001b[39m=\u001b[32m\"sidebar-rail__label visually-hidden\"\u001b[39m\n            \u001b[36m>\u001b[39m\n              \u001b[0mProperty agent\u001b[0m\n            \u001b[36m</span>\u001b[39m\n          \u001b[36m</a>\u001b[39m...\n    at waitForWrapper (/Users/jeanbosco/workspace/easymo-/node_modules/.pnpm/@testing-library+dom@9.3.4/node_modules/@testing-library/dom/dist/wait-for.js:163:27)\n    at /Users/jeanbosco/workspace/easymo-/node_modules/.pnpm/@testing-library+dom@9.3.4/node_modules/@testing-library/dom/dist/query-helpers.js:86:33\n    at /Users/jeanbosco/workspace/easymo-/admin-app/__tests__/components/PanelShell.mobile-nav.test.tsx:94:18\n    at file:///Users/jeanbosco/workspace/easymo-/node_modules/.pnpm/@vitest+runner@3.2.4/node_modules/@vitest/runner/dist/chunk-hooks.js:752:20"],"meta":{}},{"ancestorTitles":["PanelShell mobile navigation accessibility"],"fullName":"PanelShell mobile navigation accessibility traps focus within the drawer when tabbing","status":"failed","title":"traps focus within the drawer when tabbing","duration":1114.1840789999997,"failureMessages":["Error: Unable to find role=\"dialog\" and name `/primary navigation/i`\n\nIgnored nodes: comments, script, style\n\u001b[36m<body\u001b[39m\n  \u001b[33mstyle\u001b[39m=\u001b[32m\"overflow: hidden;\"\u001b[39m\n\u001b[36m>\u001b[39m\n  \u001b[36m<div>\u001b[39m\n    \u001b[36m<a\u001b[39m\n      \u001b[33mclass\u001b[39m=\u001b[32m\"skip-link\"\u001b[39m\n      \u001b[33mhref\u001b[39m=\u001b[32m\"#main-content\"\u001b[39m\n    \u001b[36m>\u001b[39m\n      \u001b[0mSkip to main content\u001b[0m\n    \u001b[36m</a>\u001b[39m\n    \u001b[36m<div\u001b[39m\n      \u001b[33mclass\u001b[39m=\u001b[32m\"app-shell\"\u001b[39m\n    \u001b[36m>\u001b[39m\n      \u001b[36m<aside\u001b[39m\n        \u001b[33maria-label\u001b[39m=\u001b[32m\"Admin navigation\"\u001b[39m\n        \u001b[33mclass\u001b[39m=\u001b[32m\"sidebar-rail\"\u001b[39m\n      \u001b[36m>\u001b[39m\n        \u001b[36m<div\u001b[39m\n          \u001b[33maria-hidden\u001b[39m=\u001b[32m\"true\"\u001b[39m\n          \u001b[33mclass\u001b[39m=\u001b[32m\"sidebar-rail__brand\"\u001b[39m\n        \u001b[36m>\u001b[39m\n          \u001b[36m<span\u001b[39m\n            \u001b[33mclass\u001b[39m=\u001b[32m\"sidebar-rail__glyph\"\u001b[39m\n          \u001b[36m>\u001b[39m\n            \u001b[0m◎\u001b[0m\n          \u001b[36m</span>\u001b[39m\n        \u001b[36m</div>\u001b[39m\n        \u001b[36m<nav\u001b[39m\n          \u001b[33maria-label\u001b[39m=\u001b[32m\"Primary\"\u001b[39m\n          \u001b[33mclass\u001b[39m=\u001b[32m\"sidebar-rail__nav\"\u001b[39m\n        \u001b[36m>\u001b[39m\n          \u001b[36m<a\u001b[39m\n            \u001b[33maria-current\u001b[39m=\u001b[32m\"page\"\u001b[39m\n            \u001b[33maria-label\u001b[39m=\u001b[32m\"Dashboard\"\u001b[39m\n            \u001b[33mclass\u001b[39m=\u001b[32m\"sidebar-rail__link sidebar-rail__link--active\"\u001b[39m\n            \u001b[33mhref\u001b[39m=\u001b[32m\"/dashboard\"\u001b[39m\n          \u001b[36m>\u001b[39m\n            \u001b[36m<span\u001b[39m\n              \u001b[33maria-hidden\u001b[39m=\u001b[32m\"true\"\u001b[39m\n              \u001b[33mclass\u001b[39m=\u001b[32m\"sidebar-rail__icon\"\u001b[39m\n            \u001b[36m>\u001b[39m\n              \u001b[0m•\u001b[0m\n            \u001b[36m</span>\u001b[39m\n            \u001b[36m<span\u001b[39m\n              \u001b[33mclass\u001b[39m=\u001b[32m\"sidebar-rail__label visually-hidden\"\u001b[39m\n            \u001b[36m>\u001b[39m\n              \u001b[0mDashboard\u001b[0m\n            \u001b[36m</span>\u001b[39m\n          \u001b[36m</a>\u001b[39m\n          \u001b[36m<a\u001b[39m\n            \u001b[33maria-label\u001b[39m=\u001b[32m\"Analytics\"\u001b[39m\n            \u001b[33mclass\u001b[39m=\u001b[32m\"sidebar-rail__link\"\u001b[39m\n            \u001b[33mhref\u001b[39m=\u001b[32m\"/analytics\"\u001b[39m\n          \u001b[36m>\u001b[39m\n            \u001b[36m<span\u001b[39m\n              \u001b[33maria-hidden\u001b[39m=\u001b[32m\"true\"\u001b[39m\n              \u001b[33mclass\u001b[39m=\u001b[32m\"sidebar-rail__icon\"\u001b[39m\n            \u001b[36m>\u001b[39m\n              \u001b[0m•\u001b[0m\n            \u001b[36m</span>\u001b[39m\n            \u001b[36m<span\u001b[39m\n              \u001b[33mclass\u001b[39m=\u001b[32m\"sidebar-rail__label visually-hidden\"\u001b[39m\n            \u001b[36m>\u001b[39m\n              \u001b[0mAnalytics\u001b[0m\n            \u001b[36m</span>\u001b[39m\n          \u001b[36m</a>\u001b[39m\n          \u001b[36m<a\u001b[39m\n            \u001b[33maria-label\u001b[39m=\u001b[32m\"Agent overview\"\u001b[39m\n            \u001b[33mclass\u001b[39m=\u001b[32m\"sidebar-rail__link\"\u001b[39m\n            \u001b[33mhref\u001b[39m=\u001b[32m\"/agents/overview\"\u001b[39m\n          \u001b[36m>\u001b[39m\n            \u001b[36m<span\u001b[39m\n              \u001b[33maria-hidden\u001b[39m=\u001b[32m\"true\"\u001b[39m\n              \u001b[33mclass\u001b[39m=\u001b[32m\"sidebar-rail__icon\"\u001b[39m\n            \u001b[36m>\u001b[39m\n              \u001b[0m•\u001b[0m\n            \u001b[36m</span>\u001b[39m\n            \u001b[36m<span\u001b[39m\n              \u001b[33mclass\u001b[39m=\u001b[32m\"sidebar-rail__label visually-hidden\"\u001b[39m\n            \u001b[36m>\u001b[39m\n              \u001b[0mAgent overview\u001b[0m\n            \u001b[36m</span>\u001b[39m\n          \u001b[36m</a>\u001b[39m\n          \u001b[36m<a\u001b[39m\n            \u001b[33maria-label\u001b[39m=\u001b[32m\"Agent dashboard\"\u001b[39m\n            \u001b[33mclass\u001b[39m=\u001b[32m\"sidebar-rail__link\"\u001b[39m\n            \u001b[33mhref\u001b[39m=\u001b[32m\"/agents/dashboard\"\u001b[39m\n          \u001b[36m>\u001b[39m\n            \u001b[36m<span\u001b[39m\n              \u001b[33maria-hidden\u001b[39m=\u001b[32m\"true\"\u001b[39m\n              \u001b[33mclass\u001b[39m=\u001b[32m\"sidebar-rail__icon\"\u001b[39m\n            \u001b[36m>\u001b[39m\n              \u001b[0m•\u001b[0m\n            \u001b[36m</span>\u001b[39m\n            \u001b[36m<span\u001b[39m\n              \u001b[33mclass\u001b[39m=\u001b[32m\"sidebar-rail__label visually-hidden\"\u001b[39m\n            \u001b[36m>\u001b[39m\n              \u001b[0mAgent dashboard\u001b[0m\n            \u001b[36m</span>\u001b[39m\n          \u001b[36m</a>\u001b[39m\n          \u001b[36m<a\u001b[39m\n            \u001b[33maria-label\u001b[39m=\u001b[32m\"Driver agent\"\u001b[39m\n            \u001b[33mclass\u001b[39m=\u001b[32m\"sidebar-rail__link\"\u001b[39m\n            \u001b[33mhref\u001b[39m=\u001b[32m\"/agents/driver\"\u001b[39m\n          \u001b[36m>\u001b[39m\n            \u001b[36m<span\u001b[39m\n              \u001b[33maria-hidden\u001b[39m=\u001b[32m\"true\"\u001b[39m\n              \u001b[33mclass\u001b[39m=\u001b[32m\"sidebar-rail__icon\"\u001b[39m\n            \u001b[36m>\u001b[39m\n              \u001b[0m•\u001b[0m\n            \u001b[36m</span>\u001b[39m\n            \u001b[36m<span\u001b[39m\n              \u001b[33mclass\u001b[39m=\u001b[32m\"sidebar-rail__label visually-hidden\"\u001b[39m\n            \u001b[36m>\u001b[39m\n              \u001b[0mDriver agent\u001b[0m\n            \u001b[36m</span>\u001b[39m\n          \u001b[36m</a>\u001b[39m\n          \u001b[36m<a\u001b[39m\n            \u001b[33maria-label\u001b[39m=\u001b[32m\"Pharmacy agent\"\u001b[39m\n            \u001b[33mclass\u001b[39m=\u001b[32m\"sidebar-rail__link\"\u001b[39m\n            \u001b[33mhref\u001b[39m=\u001b[32m\"/agents/pharmacy\"\u001b[39m\n          \u001b[36m>\u001b[39m\n            \u001b[36m<span\u001b[39m\n              \u001b[33maria-hidden\u001b[39m=\u001b[32m\"true\"\u001b[39m\n              \u001b[33mclass\u001b[39m=\u001b[32m\"sidebar-rail__icon\"\u001b[39m\n            \u001b[36m>\u001b[39m\n              \u001b[0m•\u001b[0m\n            \u001b[36m</span>\u001b[39m\n            \u001b[36m<span\u001b[39m\n              \u001b[33mclass\u001b[39m=\u001b[32m\"sidebar-rail__label visually-hidden\"\u001b[39m\n            \u001b[36m>\u001b[39m\n              \u001b[0mPharmacy agent\u001b[0m\n            \u001b[36m</span>\u001b[39m\n          \u001b[36m</a>\u001b[39m\n          \u001b[36m<a\u001b[39m\n            \u001b[33maria-label\u001b[39m=\u001b[32m\"Shops and services agent\"\u001b[39m\n            \u001b[33mclass\u001b[39m=\u001b[32m\"sidebar-rail__link\"\u001b[39m\n            \u001b[33mhref\u001b[39m=\u001b[32m\"/agents/shops\"\u001b[39m\n          \u001b[36m>\u001b[39m\n            \u001b[36m<span\u001b[39m\n              \u001b[33maria-hidden\u001b[39m=\u001b[32m\"true\"\u001b[39m\n              \u001b[33mclass\u001b[39m=\u001b[32m\"sidebar-rail__icon\"\u001b[39m\n            \u001b[36m>\u001b[39m\n              \u001b[0m•\u001b[0m\n            \u001b[36m</span>\u001b[39m\n            \u001b[36m<span\u001b[39m\n              \u001b[33mclass\u001b[39m=\u001b[32m\"sidebar-rail__label visually-hidden\"\u001b[39m\n            \u001b[36m>\u001b[39m\n              \u001b[0mShops and services agent\u001b[0m\n            \u001b[36m</span>\u001b[39m\n          \u001b[36m</a>\u001b[39m\n          \u001b[36m<a\u001b[39m\n            \u001b[33maria-label\u001b[39m=\u001b[32m\"Hardware agent\"\u001b[39m\n            \u001b[33mclass\u001b[39m=\u001b[32m\"sidebar-rail__link\"\u001b[39m\n            \u001b[33mhref\u001b[39m=\u001b[32m\"/agents/hardware\"\u001b[39m\n          \u001b[36m>\u001b[39m\n            \u001b[36m<span\u001b[39m\n              \u001b[33maria-hidden\u001b[39m=\u001b[32m\"true\"\u001b[39m\n              \u001b[33mclass\u001b[39m=\u001b[32m\"sidebar-rail__icon\"\u001b[39m\n            \u001b[36m>\u001b[39m\n              \u001b[0m•\u001b[0m\n            \u001b[36m</span>\u001b[39m\n            \u001b[36m<span\u001b[39m\n              \u001b[33mclass\u001b[39m=\u001b[32m\"sidebar-rail__label visually-hidden\"\u001b[39m\n            \u001b[36m>\u001b[39m\n              \u001b[0mHardware agent\u001b[0m\n            \u001b[36m</span>\u001b[39m\n          \u001b[36m</a>\u001b[39m\n          \u001b[36m<a\u001b[39m\n            \u001b[33maria-label\u001b[39m=\u001b[32m\"Property agent\"\u001b[39m\n            \u001b[33mclass\u001b[39m=\u001b[32m\"sidebar-rail__link\"\u001b[39m\n            \u001b[33mhref\u001b[39m=\u001b[32m\"/agents/property\"\u001b[39m\n          \u001b[36m>\u001b[39m\n            \u001b[36m<span\u001b[39m\n              \u001b[33maria-hidden\u001b[39m=\u001b[32m\"true\"\u001b[39m\n              \u001b[33mclass\u001b[39m=\u001b[32m\"sidebar-rail__icon\"\u001b[39m\n            \u001b[36m>\u001b[39m\n              \u001b[0m•\u001b[0m\n            \u001b[36m</span>\u001b[39m\n            \u001b[36m<span\u001b[39m\n              \u001b[33mclass\u001b[39m=\u001b[32m\"sidebar-rail__label visually-hidden\"\u001b[39m\n            \u001b[36m>\u001b[39m\n              \u001b[0mProperty agent\u001b[0m\n            \u001b[36m</span>\u001b[39m\n          \u001b[36m</a>\u001b[39m...\n    at waitForWrapper (/Users/jeanbosco/workspace/easymo-/node_modules/.pnpm/@testing-library+dom@9.3.4/node_modules/@testing-library/dom/dist/wait-for.js:163:27)\n    at /Users/jeanbosco/workspace/easymo-/node_modules/.pnpm/@testing-library+dom@9.3.4/node_modules/@testing-library/dom/dist/query-helpers.js:86:33\n    at /Users/jeanbosco/workspace/easymo-/admin-app/__tests__/components/PanelShell.mobile-nav.test.tsx:117:33\n    at file:///Users/jeanbosco/workspace/easymo-/node_modules/.pnpm/@vitest+runner@3.2.4/node_modules/@vitest/runner/dist/chunk-hooks.js:752:20"],"meta":{}}],"startTime":1763450401077,"endTime":1763450405888.184,"status":"failed","message":"","name":"/Users/jeanbosco/workspace/easymo-/admin-app/__tests__/components/PanelShell.mobile-nav.test.tsx"},{"assertionResults":[{"ancestorTitles":["layout navigation vocabulary"],"fullName":"layout navigation vocabulary uses approved vocabulary when legacy navigation is enabled","status":"passed","title":"uses approved vocabulary when legacy navigation is enabled","duration":19.57959299999993,"failureMessages":[],"meta":{}},{"ancestorTitles":["layout navigation vocabulary"],"fullName":"layout navigation vocabulary exposes the hub navigation vocabulary when the flag is enabled","status":"passed","title":"exposes the hub navigation vocabulary when the flag is enabled","duration":5.498141000000032,"failureMessages":[],"meta":{}}],"startTime":1763450415656,"endTime":1763450415680.498,"status":"passed","message":"","name":"/Users/jeanbosco/workspace/easymo-/admin-app/components/layout/nav-items.test.ts"},{"assertionResults":[{"ancestorTitles":["useGpt5Chat"],"fullName":"useGpt5Chat sends a prompt and stores assistant response","status":"passed","title":"sends a prompt and stores assistant response","duration":50.56081300000005,"failureMessages":[],"meta":{}},{"ancestorTitles":["useGpt5Chat"],"fullName":"useGpt5Chat captures API errors and preserves user message","status":"passed","title":"captures API errors and preserves user message","duration":6.9183310000003075,"failureMessages":[],"meta":{}},{"ancestorTitles":["useGpt5Chat"],"fullName":"useGpt5Chat does not call the API when GPT-5 is disabled","status":"passed","title":"does not call the API when GPT-5 is disabled","duration":6.5442119999997885,"failureMessages":[],"meta":{}}],"startTime":1763450411072,"endTime":1763450411136.5442,"status":"passed","message":"","name":"/Users/jeanbosco/workspace/easymo-/admin-app/lib/assistant/use-gpt5-chat.test.tsx"},{"assertionResults":[{"ancestorTitles":["admin journeys"],"fullName":"admin journeys requeues failed notifications via retry API","status":"passed","title":"requeues failed notifications via retry API","duration":111.93908899999997,"failureMessages":[],"meta":{}},{"ancestorTitles":["admin journeys"],"fullName":"admin journeys surfaces policy blocks when retrying notifications during quiet hours","status":"passed","title":"surfaces policy blocks when retrying notifications during quiet hours","duration":29.766961000000265,"failureMessages":[],"meta":{}},{"ancestorTitles":["admin journeys"],"fullName":"admin journeys lists OCR jobs for admin review","status":"passed","title":"lists OCR jobs for admin review","duration":29.311122999999952,"failureMessages":[],"meta":{}}],"startTime":1763450408111,"endTime":1763450408282.311,"status":"passed","message":"","name":"/Users/jeanbosco/workspace/easymo-/admin-app/tests/e2e/admin-flows.test.ts"},{"assertionResults":[{"ancestorTitles":["NotificationsClient"],"fullName":"NotificationsClient renders and filters by status","status":"passed","title":"renders and filters by status","duration":457.01854399999957,"failureMessages":[],"meta":{}}],"startTime":1763450404296,"endTime":1763450404753.0186,"status":"passed","message":"","name":"/Users/jeanbosco/workspace/easymo-/admin-app/tests/e2e/notifications-page.test.tsx"},{"assertionResults":[],"startTime":1763450396016,"endTime":1763450396016,"status":"failed","message":"Failed to resolve import \"@/lib/server/session\" from \"tests/e2e/protected-routes.test.tsx\". Does the file exist?","name":"/Users/jeanbosco/workspace/easymo-/admin-app/tests/e2e/protected-routes.test.tsx"},{"assertionResults":[{"ancestorTitles":["StationsClient"],"fullName":"StationsClient renders stations page and empty state","status":"passed","title":"renders stations page and empty state","duration":64.78289099999984,"failureMessages":[],"meta":{}}],"startTime":1763450414550,"endTime":1763450414614.783,"status":"passed","message":"","name":"/Users/jeanbosco/workspace/easymo-/admin-app/tests/e2e/stations-page.test.tsx"},{"assertionResults":[{"ancestorTitles":["UsersClient"],"fullName":"UsersClient renders users page and empty state","status":"passed","title":"renders users page and empty state","duration":74.29952700000013,"failureMessages":[],"meta":{}}],"startTime":1763450411851,"endTime":1763450411925.2996,"status":"passed","message":"","name":"/Users/jeanbosco/workspace/easymo-/admin-app/tests/e2e/users-page.test.tsx"},{"assertionResults":[{"ancestorTitles":["Fallback System","scoreItem"],"fullName":"Fallback System scoreItem should score items with all quality signals","status":"passed","title":"should score items with all quality signals","duration":3.4532060000001366,"failureMessages":[],"meta":{}},{"ancestorTitles":["Fallback System","scoreItem"],"fullName":"Fallback System scoreItem should handle missing fields","status":"passed","title":"should handle missing fields","duration":0.7314660000001822,"failureMessages":[],"meta":{}},{"ancestorTitles":["Fallback System","scoreItem"],"fullName":"Fallback System scoreItem should give bonus for verified items","status":"passed","title":"should give bonus for verified items","duration":0.4617870000001858,"failureMessages":[],"meta":{}},{"ancestorTitles":["Fallback System","filterBySearch"],"fullName":"Fallback System filterBySearch should filter by name","status":"passed","title":"should filter by name","duration":2.307712000000265,"failureMessages":[],"meta":{}},{"ancestorTitles":["Fallback System","filterBySearch"],"fullName":"Fallback System filterBySearch should filter by multiple fields","status":"passed","title":"should filter by multiple fields","duration":0.6655390000000807,"failureMessages":[],"meta":{}},{"ancestorTitles":["Fallback System","filterBySearch"],"fullName":"Fallback System filterBySearch should return all items when no search term","status":"passed","title":"should return all items when no search term","duration":0.534371000000192,"failureMessages":[],"meta":{}},{"ancestorTitles":["Fallback System","filterBySearch"],"fullName":"Fallback System filterBySearch should be case insensitive","status":"passed","title":"should be case insensitive","duration":0.4600329999998394,"failureMessages":[],"meta":{}},{"ancestorTitles":["Fallback System","createFallbackResponse"],"fullName":"Fallback System createFallbackResponse should create properly structured response","status":"passed","title":"should create properly structured response","duration":1.7796149999999216,"failureMessages":[],"meta":{}},{"ancestorTitles":["Fallback System","classifyError"],"fullName":"Fallback System classifyError should classify timeout errors","status":"passed","title":"should classify timeout errors","duration":0.8965320000002066,"failureMessages":[],"meta":{}},{"ancestorTitles":["Fallback System","classifyError"],"fullName":"Fallback System classifyError should classify auth errors","status":"passed","title":"should classify auth errors","duration":0.45611700000017663,"failureMessages":[],"meta":{}},{"ancestorTitles":["Fallback System","classifyError"],"fullName":"Fallback System classifyError should classify network errors","status":"passed","title":"should classify network errors","duration":0.29584499999964464,"failureMessages":[],"meta":{}},{"ancestorTitles":["Fallback System","classifyError"],"fullName":"Fallback System classifyError should classify query errors","status":"passed","title":"should classify query errors","duration":1.0237750000001142,"failureMessages":[],"meta":{}},{"ancestorTitles":["Fallback System","classifyError"],"fullName":"Fallback System classifyError should default to unknown for unclassified errors","status":"passed","title":"should default to unknown for unclassified errors","duration":0.30398600000035003,"failureMessages":[],"meta":{}},{"ancestorTitles":["Fallback System","getUserMessage"],"fullName":"Fallback System getUserMessage should provide user-friendly messages","status":"passed","title":"should provide user-friendly messages","duration":1.1295130000003155,"failureMessages":[],"meta":{}},{"ancestorTitles":["Fallback System","getUserMessage"],"fullName":"Fallback System getUserMessage should handle all error types","status":"passed","title":"should handle all error types","duration":0.9420850000001337,"failureMessages":[],"meta":{}},{"ancestorTitles":["Fallback System","paginateFallback"],"fullName":"Fallback System paginateFallback should paginate correctly","status":"passed","title":"should paginate correctly","duration":0.7586889999997766,"failureMessages":[],"meta":{}},{"ancestorTitles":["Fallback System","paginateFallback"],"fullName":"Fallback System paginateFallback should handle last page","status":"passed","title":"should handle last page","duration":0.4893709999996645,"failureMessages":[],"meta":{}},{"ancestorTitles":["Fallback System","paginateFallback"],"fullName":"Fallback System paginateFallback should use default limit","status":"passed","title":"should use default limit","duration":0.3446169999997437,"failureMessages":[],"meta":{}},{"ancestorTitles":["Fallback System","rankItems"],"fullName":"Fallback System rankItems should rank by score function","status":"passed","title":"should rank by score function","duration":0.5313309999996818,"failureMessages":[],"meta":{}},{"ancestorTitles":["Fallback System","rankItems"],"fullName":"Fallback System rankItems should limit to topN","status":"passed","title":"should limit to topN","duration":0.43029900000010457,"failureMessages":[],"meta":{}}],"startTime":1763450415640,"endTime":1763450415659.5312,"status":"passed","message":"","name":"/Users/jeanbosco/workspace/easymo-/admin-app/__tests__/lib/agents/fallback-system.test.ts"},{"assertionResults":[{"ancestorTitles":["POST /api/gpt5-chat"],"fullName":"POST /api/gpt5-chat returns 503 when OpenAI client is unavailable","status":"passed","title":"returns 503 when OpenAI client is unavailable","duration":17.37502799999993,"failureMessages":[],"meta":{}},{"ancestorTitles":["POST /api/gpt5-chat"],"fullName":"POST /api/gpt5-chat validates incoming payloads","status":"passed","title":"validates incoming payloads","duration":6.432851000000028,"failureMessages":[],"meta":{}},{"ancestorTitles":["POST /api/gpt5-chat"],"fullName":"POST /api/gpt5-chat forwards prompts to OpenAI and returns the assistant message","status":"passed","title":"forwards prompts to OpenAI and returns the assistant message","duration":7.298946999999771,"failureMessages":[],"meta":{}}],"startTime":1763450413862,"endTime":1763450413893.2988,"status":"passed","message":"","name":"/Users/jeanbosco/workspace/easymo-/admin-app/app/api/gpt5-chat/route.test.ts"}]}